# JRE version: Java(TM) SE Runtime Environment (8.0_371) (build 1.8.0_371-b11)
# Java VM: Java HotSpot(TM) 64-Bit Server VM (25.371-b11 mixed mode windows-amd64 compressed oops)
Heap:
 PSYoungGen      total 152576K, used 120124K [0x0000000716800000, 0x0000000721200000, 0x00000007c0000000)
  eden space 131072K, 91% used [0x0000000716800000,0x000000071dd4f138,0x000000071e800000)
  from space 21504K, 0% used [0x000000071fd00000,0x000000071fd00000,0x0000000721200000)
  to   space 21504K, 0% used [0x000000071e800000,0x000000071e800000,0x000000071fd00000)
 ParOldGen       total 232448K, used 5279K [0x00000005c3800000, 0x00000005d1b00000, 0x0000000716800000)
  object space 232448K, 2% used [0x00000005c3800000,0x00000005c3d27e58,0x00000005d1b00000)
 Metaspace       used 26524K, capacity 26974K, committed 27392K, reserved 1073152K
  class space    used 3045K, capacity 3217K, committed 3328K, reserved 1048576K
GC Heap History (6 events):
Event: 0.887 GC heap before
{Heap before GC invocations=1 (full 0):
 PSYoungGen      total 152576K, used 131072K [0x0000000716800000, 0x0000000721200000, 0x00000007c0000000)
  eden space 131072K, 100% used [0x0000000716800000,0x000000071e800000,0x000000071e800000)
  from space 21504K, 0% used [0x000000071fd00000,0x000000071fd00000,0x0000000721200000)
  to   space 21504K, 0% used [0x000000071e800000,0x000000071e800000,0x000000071fd00000)
 ParOldGen       total 348160K, used 0K [0x00000005c3800000, 0x00000005d8c00000, 0x0000000716800000)
  object space 348160K, 0% used [0x00000005c3800000,0x00000005c3800000,0x00000005d8c00000)
 Metaspace       used 14909K, capacity 15188K, committed 15488K, reserved 1062912K
  class space    used 1822K, capacity 1914K, committed 1920K, reserved 1048576K
Event: 0.891 GC heap after
Heap after GC invocations=1 (full 0):
 PSYoungGen      total 152576K, used 7743K [0x0000000716800000, 0x0000000721200000, 0x00000007c0000000)
  eden space 131072K, 0% used [0x0000000716800000,0x0000000716800000,0x000000071e800000)
  from space 21504K, 36% used [0x000000071e800000,0x000000071ef8fee0,0x000000071fd00000)
  to   space 21504K, 0% used [0x000000071fd00000,0x000000071fd00000,0x0000000721200000)
 ParOldGen       total 348160K, used 16K [0x00000005c3800000, 0x00000005d8c00000, 0x0000000716800000)
  object space 348160K, 0% used [0x00000005c3800000,0x00000005c3804000,0x00000005d8c00000)
 Metaspace       used 14909K, capacity 15188K, committed 15488K, reserved 1062912K
  class space    used 1822K, capacity 1914K, committed 1920K, reserved 1048576K
}
Event: 1.246 GC heap before
{Heap before GC invocations=2 (full 0):
 PSYoungGen      total 152576K, used 54614K [0x0000000716800000, 0x0000000721200000, 0x00000007c0000000)
  eden space 131072K, 35% used [0x0000000716800000,0x00000007195c5c18,0x000000071e800000)
  from space 21504K, 36% used [0x000000071e800000,0x000000071ef8fee0,0x000000071fd00000)
  to   space 21504K, 0% used [0x000000071fd00000,0x000000071fd00000,0x0000000721200000)
 ParOldGen       total 348160K, used 16K [0x00000005c3800000, 0x00000005d8c00000, 0x0000000716800000)
  object space 348160K, 0% used [0x00000005c3800000,0x00000005c3804000,0x00000005d8c00000)
 Metaspace       used 20731K, capacity 21062K, committed 21296K, reserved 1069056K
  class space    used 2546K, capacity 2674K, committed 2688K, reserved 1048576K
Event: 1.249 GC heap after
Heap after GC invocations=2 (full 0):
 PSYoungGen      total 152576K, used 5580K [0x0000000716800000, 0x0000000721200000, 0x00000007c0000000)
  eden space 131072K, 0% used [0x0000000716800000,0x0000000716800000,0x000000071e800000)
  from space 21504K, 25% used [0x000000071fd00000,0x0000000720273078,0x0000000721200000)
  to   space 21504K, 0% used [0x000000071e800000,0x000000071e800000,0x000000071fd00000)
 ParOldGen       total 348160K, used 24K [0x00000005c3800000, 0x00000005d8c00000, 0x0000000716800000)
  object space 348160K, 0% used [0x00000005c3800000,0x00000005c3806000,0x00000005d8c00000)
 Metaspace       used 20731K, capacity 21062K, committed 21296K, reserved 1069056K
  class space    used 2546K, capacity 2674K, committed 2688K, reserved 1048576K
}
Event: 1.249 GC heap before
{Heap before GC invocations=3 (full 1):
 PSYoungGen      total 152576K, used 5580K [0x0000000716800000, 0x0000000721200000, 0x00000007c0000000)
  eden space 131072K, 0% used [0x0000000716800000,0x0000000716800000,0x000000071e800000)
  from space 21504K, 25% used [0x000000071fd00000,0x0000000720273078,0x0000000721200000)
  to   space 21504K, 0% used [0x000000071e800000,0x000000071e800000,0x000000071fd00000)
 ParOldGen       total 348160K, used 24K [0x00000005c3800000, 0x00000005d8c00000, 0x0000000716800000)
  object space 348160K, 0% used [0x00000005c3800000,0x00000005c3806000,0x00000005d8c00000)
 Metaspace       used 20731K, capacity 21062K, committed 21296K, reserved 1069056K
  class space    used 2546K, capacity 2674K, committed 2688K, reserved 1048576K
Event: 1.272 GC heap after
Heap after GC invocations=3 (full 1):
 PSYoungGen      total 152576K, used 0K [0x0000000716800000, 0x0000000721200000, 0x00000007c0000000)
  eden space 131072K, 0% used [0x0000000716800000,0x0000000716800000,0x000000071e800000)
  from space 21504K, 0% used [0x000000071fd00000,0x000000071fd00000,0x0000000721200000)
  to   space 21504K, 0% used [0x000000071e800000,0x000000071e800000,0x000000071fd00000)
 ParOldGen       total 232448K, used 5279K [0x00000005c3800000, 0x00000005d1b00000, 0x0000000716800000)
  object space 232448K, 2% used [0x00000005c3800000,0x00000005c3d27e58,0x00000005d1b00000)
 Metaspace       used 20716K, capacity 21014K, committed 21296K, reserved 1069056K
  class space    used 2542K, capacity 2666K, committed 2688K, reserved 1048576K
}

